<?xml version="1.0" encoding="utf-8"?><testsuites name="pytest tests"><testsuite name="pytest" errors="0" failures="0" skipped="0" tests="20" time="3.409" timestamp="2026-06-10T05:50:30.257005+00:00" hostname="agent-env-7275a67b-0ec2-4468-8fc2-0b83c79d6ea0"><testcase classname="backend.tests.test_phase3" name="test_register_returns_customer_role_and_token" time="0.428" /><testcase classname="backend.tests.test_phase3" name="test_register_duplicate_email_returns_400" time="0.048" /><testcase classname="backend.tests.test_phase3" name="test_customer_login_works" time="0.283" /><testcase classname="backend.tests.test_phase3" name="test_admin_login_still_works" time="0.274" /><testcase classname="backend.tests.test_phase3" name="test_auth_me_customer" time="0.109" /><testcase classname="backend.tests.test_phase3" name="test_auth_me_admin" time="0.378" /><testcase classname="backend.tests.test_phase3" name="test_customer_cannot_create_property" time="0.045" /><testcase classname="backend.tests.test_phase3" name="test_customer_cannot_list_leads" time="0.046" /><testcase classname="backend.tests.test_phase3" name="test_customer_cannot_upload_pdf" time="0.104" /><testcase classname="backend.tests.test_phase3" name="test_saved_search_requires_auth" time="0.245" /><testcase classname="backend.tests.test_phase3" name="test_create_saved_search" time="0.066" /><testcase classname="backend.tests.test_phase3" name="test_list_saved_searches_scoped" time="0.048" /><testcase classname="backend.tests.test_phase3" name="test_saved_search_isolated_to_user" time="0.380" /><testcase classname="backend.tests.test_phase3" name="test_delete_saved_search" time="0.097" /><testcase classname="backend.tests.test_phase3" name="test_upload_pdf_admin" time="0.401" /><testcase classname="backend.tests.test_phase3" name="test_upload_pdf_rejects_non_pdf" time="0.107" /><testcase classname="backend.tests.test_phase3" name="test_upload_pdf_requires_auth" time="0.099" /><testcase classname="backend.tests.test_phase3" name="test_property_with_lat_lng_and_pdfs" time="0.048" /><testcase classname="backend.tests.test_phase3" name="test_property_get_returns_lat_lng_pdfs" time="0.052" /><testcase classname="backend.tests.test_phase3" name="test_property_with_geo_cleanup" time="0.053" /></testsuite></testsuites>