<?xml version="1.0" encoding="utf-8"?><testsuites name="pytest tests"><testsuite name="pytest" errors="0" failures="0" skipped="0" tests="47" time="5.326" timestamp="2026-06-10T05:33:30.147151+00:00" hostname="agent-env-7275a67b-0ec2-4468-8fc2-0b83c79d6ea0"><testcase classname="backend.tests.backend_test" name="test_health" time="0.265" /><testcase classname="backend.tests.backend_test" name="test_login_success" time="0.274" /><testcase classname="backend.tests.backend_test" name="test_login_invalid" time="0.272" /><testcase classname="backend.tests.backend_test" name="test_auth_me" time="0.375" /><testcase classname="backend.tests.backend_test" name="test_auth_me_unauthorized" time="0.142" /><testcase classname="backend.tests.backend_test" name="test_testimonials_seeded" time="0.053" /><testcase classname="backend.tests.backend_test" name="test_properties_public_list" time="0.047" /><testcase classname="backend.tests.backend_test" name="test_property_create_requires_auth" time="0.138" /><testcase classname="backend.tests.backend_test" name="test_property_create" time="0.042" /><testcase classname="backend.tests.backend_test" name="test_property_get_by_id" time="0.048" /><testcase classname="backend.tests.backend_test" name="test_property_visible_in_public_list" time="0.048" /><testcase classname="backend.tests.backend_test" name="test_property_filter_location" time="0.047" /><testcase classname="backend.tests.backend_test" name="test_property_update" time="0.185" /><testcase classname="backend.tests.backend_test" name="test_lead_public_create" time="0.048" /><testcase classname="backend.tests.backend_test" name="test_leads_list_requires_auth" time="0.098" /><testcase classname="backend.tests.backend_test" name="test_leads_list_admin" time="0.043" /><testcase classname="backend.tests.backend_test" name="test_lead_status_update" time="0.090" /><testcase classname="backend.tests.backend_test" name="test_notifications_present_after_lead" time="0.044" /><testcase classname="backend.tests.backend_test" name="test_admin_stats" time="0.046" /><testcase classname="backend.tests.backend_test" name="test_upload_image" time="0.371" /><testcase classname="backend.tests.backend_test" name="test_file_serve" time="0.212" /><testcase classname="backend.tests.backend_test" name="test_property_delete" time="0.162" /><testcase classname="backend.tests.backend_test" name="test_lead_delete" time="0.051" /><testcase classname="backend.tests.backend_test" name="test_blogs_public_list_published_only" time="0.046" /><testcase classname="backend.tests.backend_test" name="test_blog_create_requires_auth" time="0.126" /><testcase classname="backend.tests.backend_test" name="test_blog_create" time="0.044" /><testcase classname="backend.tests.backend_test" name="test_blog_get_by_slug" time="0.048" /><testcase classname="backend.tests.backend_test" name="test_blog_get_by_id" time="0.047" /><testcase classname="backend.tests.backend_test" name="test_blog_listed_published" time="0.047" /><testcase classname="backend.tests.backend_test" name="test_blog_update_and_unpublish" time="0.192" /><testcase classname="backend.tests.backend_test" name="test_blog_delete" time="0.182" /><testcase classname="backend.tests.backend_test" name="test_agents_public_list" time="0.048" /><testcase classname="backend.tests.backend_test" name="test_agent_create_requires_auth" time="0.096" /><testcase classname="backend.tests.backend_test" name="test_agent_create" time="0.045" /><testcase classname="backend.tests.backend_test" name="test_agent_visible_active" time="0.052" /><testcase classname="backend.tests.backend_test" name="test_agent_update_deactivate" time="0.204" /><testcase classname="backend.tests.backend_test" name="test_agent_delete" time="0.041" /><testcase classname="backend.tests.backend_test" name="test_newsletter_subscribe_public" time="0.049" /><testcase classname="backend.tests.backend_test" name="test_newsletter_duplicate" time="0.047" /><testcase classname="backend.tests.backend_test" name="test_newsletter_invalid_email" time="0.052" /><testcase classname="backend.tests.backend_test" name="test_newsletter_list_requires_auth" time="0.102" /><testcase classname="backend.tests.backend_test" name="test_newsletter_list_admin" time="0.043" /><testcase classname="backend.tests.backend_test" name="test_newsletter_delete" time="0.130" /><testcase classname="backend.tests.backend_test" name="test_properties_by_ids" time="0.192" /><testcase classname="backend.tests.backend_test" name="test_properties_by_ids_empty" time="0.101" /><testcase classname="backend.tests.backend_test" name="test_properties_by_ids_cleanup" time="0.089" /><testcase classname="backend.tests.backend_test" name="test_admin_stats_new_counts" time="0.086" /></testsuite></testsuites>