<?xml version="1.0" encoding="utf-8"?><testsuites name="pytest tests"><testsuite name="pytest" errors="0" failures="0" skipped="0" tests="23" time="3.978" timestamp="2026-06-10T04:43:39.971556+00:00" hostname="agent-env-7275a67b-0ec2-4468-8fc2-0b83c79d6ea0"><testcase classname="backend.tests.backend_test" name="test_health" time="0.796" /><testcase classname="backend.tests.backend_test" name="test_login_success" time="0.274" /><testcase classname="backend.tests.backend_test" name="test_login_invalid" time="0.275" /><testcase classname="backend.tests.backend_test" name="test_auth_me" time="0.456" /><testcase classname="backend.tests.backend_test" name="test_auth_me_unauthorized" time="0.105" /><testcase classname="backend.tests.backend_test" name="test_testimonials_seeded" time="0.050" /><testcase classname="backend.tests.backend_test" name="test_properties_public_list" time="0.049" /><testcase classname="backend.tests.backend_test" name="test_property_create_requires_auth" time="0.117" /><testcase classname="backend.tests.backend_test" name="test_property_create" time="0.053" /><testcase classname="backend.tests.backend_test" name="test_property_get_by_id" time="0.050" /><testcase classname="backend.tests.backend_test" name="test_property_visible_in_public_list" time="0.051" /><testcase classname="backend.tests.backend_test" name="test_property_filter_location" time="0.050" /><testcase classname="backend.tests.backend_test" name="test_property_update" time="0.172" /><testcase classname="backend.tests.backend_test" name="test_lead_public_create" time="0.049" /><testcase classname="backend.tests.backend_test" name="test_leads_list_requires_auth" time="0.107" /><testcase classname="backend.tests.backend_test" name="test_leads_list_admin" time="0.050" /><testcase classname="backend.tests.backend_test" name="test_lead_status_update" time="0.104" /><testcase classname="backend.tests.backend_test" name="test_notifications_present_after_lead" time="0.062" /><testcase classname="backend.tests.backend_test" name="test_admin_stats" time="0.054" /><testcase classname="backend.tests.backend_test" name="test_upload_image" time="0.498" /><testcase classname="backend.tests.backend_test" name="test_file_serve" time="0.234" /><testcase classname="backend.tests.backend_test" name="test_property_delete" time="0.158" /><testcase classname="backend.tests.backend_test" name="test_lead_delete" time="0.048" /></testsuite></testsuites>